<?xml version="1.0" encoding="UTF-8"?>
<testng-results ignored="0" total="3" passed="3" failed="0" skipped="0">
  <reporter-output>
  </reporter-output>
  <suite started-at="2026-04-09T15:45:50 IST" name="Default suite" finished-at="2026-04-09T15:45:51 IST" duration-ms="1147">
    <groups>
    </groups>
    <test started-at="2026-04-09T15:45:50 IST" name="Default test" finished-at="2026-04-09T15:45:51 IST" duration-ms="1147">
      <class name="StroeFunction.SFTesting">
        <test-method is-config="true" signature="setup()[pri:0, instance:StroeFunction.SFTesting@6f1de4c7]" started-at="2026-04-09T15:45:50 IST" name="setup" finished-at="2026-04-09T15:45:51 IST" duration-ms="827" status="PASS">
          <reporter-output>
          </reporter-output>
        </test-method> <!-- setup -->
        <test-method signature="test_storeFunction_exist()[pri:1, instance:StroeFunction.SFTesting@6f1de4c7]" started-at="2026-04-09T15:45:51 IST" name="test_storeFunction_exist" finished-at="2026-04-09T15:45:51 IST" duration-ms="93" status="PASS">
          <reporter-output>
          </reporter-output>
        </test-method> <!-- test_storeFunction_exist -->
        <test-method signature="test_customerlvl_withSqlStmts()[pri:2, instance:StroeFunction.SFTesting@6f1de4c7]" started-at="2026-04-09T15:45:51 IST" name="test_customerlvl_withSqlStmts" finished-at="2026-04-09T15:45:51 IST" duration-ms="84" status="PASS">
          <reporter-output>
          </reporter-output>
        </test-method> <!-- test_customerlvl_withSqlStmts -->
        <test-method signature="customerLevel_WithStoreProcedure()[pri:3, instance:StroeFunction.SFTesting@6f1de4c7]" started-at="2026-04-09T15:45:51 IST" name="customerLevel_WithStoreProcedure" finished-at="2026-04-09T15:45:51 IST" duration-ms="53" status="PASS">
          <reporter-output>
          </reporter-output>
        </test-method> <!-- customerLevel_WithStoreProcedure -->
      </class> <!-- StroeFunction.SFTesting -->
    </test> <!-- Default test -->
  </suite> <!-- Default suite -->
</testng-results>
