<?xml version="1.0" encoding="UTF-8"?>
<!-- Generated by org.testng.reporters.JUnitReportReporter -->
<testsuite hostname="DESKTOP-EDDPF9K" failures="0" tests="3" name="StroeFunction.SFTesting" time="0.230" errors="0" timestamp="2026-04-09T15:45:51 IST" skipped="0">
  <testcase classname="StroeFunction.SFTesting" name="test_storeFunction_exist" time="0.093"/>
  <testcase classname="StroeFunction.SFTesting" name="test_customerlvl_withSqlStmts" time="0.084"/>
  <testcase classname="StroeFunction.SFTesting" name="customerLevel_WithStoreProcedure" time="0.053"/>
</testsuite> <!-- StroeFunction.SFTesting -->
